#
# A fatal error has been detected by the Java Runtime Environment:
#
#  SIGSEGV (0xb) at pc=0xb6bba188, pid=20320, tid=1728052032
#
# JRE version: 7.0_25-b30
# Java VM: OpenJDK Server VM (23.7-b01 mixed mode linux-x86 )
# Problematic frame:
# V  [libjvm.so+0x42c188]  java_lang_String::utf8_length(oopDesc*)+0x58
#
# Failed to write core dump. Core dumps have been disabled. To enable core dumping, try "ulimit -c unlimited" before starting Java again
#
# If you would like to submit a bug report, please include
# instructions on how to reproduce the bug and visit:
#   https://bugs.launchpad.net/ubuntu/+source/openjdk-7/
#

---------------  T H R E A D  ---------------

Current thread (0x67106800):  JavaThread "JDWP Transport Listener: dt_socket" daemon [_thread_in_vm, id=20340, stack(0x66faf000,0x67000000)]

siginfo:si_signo=SIGSEGV: si_errno=0, si_code=1 (SEGV_MAPERR), si_addr=0x00000008

Registers:
EAX=0x9e00e928, EBX=0xb70c6000, ECX=0x00000000, EDX=0x00000000
ESP=0x66ffefb0, EBP=0x66fff058, ESI=0x00000000, EDI=0x9e00e928
EIP=0xb6bba188, EFLAGS=0x00010246, CR2=0x00000008

Top of Stack: (sp=0x66ffefb0)
0x66ffefb0:   b65c19a0 b65c1000 b65c19a0 b65abe25
0x66ffefc0:   b6bba139 b70c6000 67106800 b6bc64bd
0x66ffefd0:   9e00e928 00000006 b6c5f839 b65c1000
0x66ffefe0:   674b2498 66fff0bc 66fff018 b659dd3a
0x66ffeff0:   67106800 00000000 66fff028 00000000
0x66fff000:   00000190 00000008 b65abcdb b65c1000
0x66fff010:   67106928 674b2498 66fff058 b658b1e0
0x66fff020:   67106928 674b2498 00000000 b65a08eb 

Instructions: (pc=0xb6bba188)
0xb6bba168:   10 8d 4c 4e 0c 31 c0 85 d2 0f 45 c1 89 54 24 04
0xb6bba178:   89 04 24 e8 90 16 31 00 83 c4 14 5b 5e c3 66 90
0xb6bba188:   8b 56 08 eb dc 90 66 90 56 31 c9 53 e8 97 e2 c6
0xb6bba198:   ff 81 c3 67 be 50 00 83 ec 14 8b 44 24 20 8b 93 

Register to memory mapping:

EAX=0x9e00e928 is an oop
java.lang.String 
 - klass: 'java/lang/String'
EBX=0xb70c6000: <offset 0x938000> in /usr/lib/jvm/java-7-openjdk-i386/jre/lib/i386/server/libjvm.so at 0xb678e000
ECX=0x00000000 is an unknown value
EDX=0x00000000 is an unknown value
ESP=0x66ffefb0 is pointing into the stack for thread: 0x67106800
EBP=0x66fff058 is pointing into the stack for thread: 0x67106800
ESI=0x00000000 is an unknown value
EDI=0x9e00e928 is an oop
java.lang.String 
 - klass: 'java/lang/String'


Stack: [0x66faf000,0x67000000],  sp=0x66ffefb0,  free space=319k
Native frames: (J=compiled Java code, j=interpreted, Vv=VM code, C=native code)
V  [libjvm.so+0x42c188]  java_lang_String::utf8_length(oopDesc*)+0x58
C  [libjdwp.so+0x126e9]  Agent_OnLoad+0x2cf9
C  [libjdwp.so+0x25c1f]  Agent_OnLoad+0x1622f
C  [libjdwp.so+0x25c80]  Agent_OnLoad+0x16290


---------------  P R O C E S S  ---------------

Java Threads: ( => current thread )
  0x66c36800 JavaThread "ReaderThread" [_thread_in_native, id=20351, stack(0x668b9000,0x6690a000)]
  0x6710e800 JavaThread "Service Thread" daemon [_thread_blocked, id=20349, stack(0x66dba000,0x66e0b000)]
  0x6710cc00 JavaThread "C2 CompilerThread1" daemon [_thread_blocked, id=20348, stack(0x66e0b000,0x66e8c000)]
  0x6710a800 JavaThread "C2 CompilerThread0" daemon [_thread_blocked, id=20347, stack(0x66e8c000,0x66f0d000)]
  0x67200800 JavaThread "JDWP Command Reader" daemon [_thread_in_native, id=20344, stack(0x66f0d000,0x66f5e000)]
  0x67109000 JavaThread "JDWP Event Helper Thread" daemon [_thread_blocked, id=20343, stack(0x66f5e000,0x66faf000)]
=>0x67106800 JavaThread "JDWP Transport Listener: dt_socket" daemon [_thread_in_vm, id=20340, stack(0x66faf000,0x67000000)]
  0x674fcc00 JavaThread "Signal Dispatcher" daemon [_thread_blocked, id=20338, stack(0x6732e000,0x6737f000)]
  0x674b8c00 JavaThread "Finalizer" daemon [_thread_blocked, id=20336, stack(0x6a72e000,0x6a77f000)]
  0x674b7000 JavaThread "Reference Handler" daemon [_thread_blocked, id=20335, stack(0x6aa2e000,0x6aa7f000)]
  0xb6408800 JavaThread "main" [_thread_blocked, id=20328, stack(0xb65f4000,0xb6645000)]

Other Threads:
  0x674b0800 VMThread [stack: 0x6737f000,0x67400000] [id=20334]
  0x67110400 WatcherThread [stack: 0x66d39000,0x66dba000] [id=20350]

VM state:not at safepoint (normal execution)

VM Mutex/Monitor currently owned by a thread: None

Heap
 PSYoungGen      total 19136K, used 4289K [0x9dbf0000, 0x9f140000, 0xb3140000)
  eden space 16448K, 26% used [0x9dbf0000,0x9e020560,0x9ec00000)
  from space 2688K, 0% used [0x9eea0000,0x9eea0000,0x9f140000)
  to   space 2688K, 0% used [0x9ec00000,0x9ec00000,0x9eea0000)
 ParOldGen       total 43712K, used 0K [0x73140000, 0x75bf0000, 0x9dbf0000)
  object space 43712K, 0% used [0x73140000,0x73140000,0x75bf0000)
 PSPermGen       total 16384K, used 3843K [0x6b140000, 0x6c140000, 0x73140000)
  object space 16384K, 23% used [0x6b140000,0x6b500f48,0x6c140000)

Card table byte_map: [0x6aeff000,0x6b140000] byte_map_base: 0x6aba6600

Polling page: 0xb76f1000

Code Cache  [0xb3200000, 0xb3440000, 0xb6200000)
 total_blobs=135 nmethods=19 adapters=77 free_code_cache=48814Kb largest_free_block=49956160

Compilation events (10 events):
Event: 0.293 Thread 0x6710cc00 nmethod 13 0xb32540c8 code [0xb32543a0, 0xb32552d8]
Event: 0.293 Thread 0x6710cc00   15             java.lang.String::startsWith (72 bytes)
Event: 0.295 Thread 0x6710a800 nmethod 14 0xb3250f88 code [0xb32510c0, 0xb3251bbc]
Event: 0.295 Thread 0x6710a800   16             java.lang.String::equals (81 bytes)
Event: 0.295 Thread 0x6710cc00 nmethod 15 0xb3252208 code [0xb3252320, 0xb32525b0]
Event: 0.299 Thread 0x6710a800 nmethod 16 0xb324c508 code [0xb324c620, 0xb324c8d0]
Event: 0.310 Thread 0x6710cc00   18             java.lang.String::replace (127 bytes)
Event: 0.316 Thread 0x6710cc00 nmethod 18 0xb324bd48 code [0xb324be60, 0xb324c350]
Event: 0.327 Thread 0x6710a800   19             sun.net.www.ParseUtil::encodePath (336 bytes)
Event: 0.348 Thread 0x6710a800 nmethod 19 0xb3259dc8 code [0xb3259fe0, 0xb325af88]

GC Heap History (0 events):
No events

Deoptimization events (0 events):
No events

Internal exceptions (10 events):
Event: 0.332 Thread 0xb6408800 Threw 0x9dfe24f8 at /build/buildd/openjdk-7-7u25-2.3.10/build/openjdk/hotspot/src/share/vm/prims/jvm.cpp:1235
Event: 0.333 Thread 0xb6408800 Threw 0x9dfe74e8 at /build/buildd/openjdk-7-7u25-2.3.10/build/openjdk/hotspot/src/share/vm/prims/jvm.cpp:1235
Event: 0.334 Thread 0xb6408800 Threw 0x9dfea490 at /build/buildd/openjdk-7-7u25-2.3.10/build/openjdk/hotspot/src/share/vm/prims/jvm.cpp:1235
Event: 0.334 Thread 0xb6408800 Threw 0x9dfee878 at /build/buildd/openjdk-7-7u25-2.3.10/build/openjdk/hotspot/src/share/vm/prims/jvm.cpp:1235
Event: 0.335 Thread 0xb6408800 Threw 0x9dff25d0 at /build/buildd/openjdk-7-7u25-2.3.10/build/openjdk/hotspot/src/share/vm/prims/jvm.cpp:1235
Event: 0.336 Thread 0xb6408800 Threw 0x9dff6418 at /build/buildd/openjdk-7-7u25-2.3.10/build/openjdk/hotspot/src/share/vm/prims/jvm.cpp:1235
Event: 0.336 Thread 0xb6408800 Threw 0x9dff9808 at /build/buildd/openjdk-7-7u25-2.3.10/build/openjdk/hotspot/src/share/vm/prims/jvm.cpp:1235
Event: 0.337 Thread 0xb6408800 Threw 0x9dffdcc0 at /build/buildd/openjdk-7-7u25-2.3.10/build/openjdk/hotspot/src/share/vm/prims/jvm.cpp:1235
Event: 0.340 Thread 0xb6408800 Threw 0x9e001c70 at /build/buildd/openjdk-7-7u25-2.3.10/build/openjdk/hotspot/src/share/vm/prims/jvm.cpp:1235
Event: 29.162 Thread 0xb6408800 Threw 0x9e0087f0 at /build/buildd/openjdk-7-7u25-2.3.10/build/openjdk/hotspot/src/share/vm/prims/jvm.cpp:1235

Events (10 events):
Event: 58.506 Executing VM operation: ChangeSingleStep
Event: 58.506 Executing VM operation: ChangeSingleStep done
Event: 58.518 Executing VM operation: GetOrSetLocal
Event: 58.518 Executing VM operation: GetOrSetLocal done
Event: 58.519 Executing VM operation: GetOrSetLocal
Event: 58.519 Executing VM operation: GetOrSetLocal done
Event: 58.541 Executing VM operation: GetOrSetLocal
Event: 58.541 Executing VM operation: GetOrSetLocal done
Event: 58.541 Executing VM operation: GetOrSetLocal
Event: 58.541 Executing VM operation: GetOrSetLocal done


Dynamic libraries:
08048000-08049000 r-xp 00000000 08:05 525134     /usr/lib/jvm/java-7-openjdk-i386/jre/bin/java
08049000-0804a000 r--p 00000000 08:05 525134     /usr/lib/jvm/java-7-openjdk-i386/jre/bin/java
0804a000-0804b000 rw-p 00001000 08:05 525134     /usr/lib/jvm/java-7-openjdk-i386/jre/bin/java
08ef7000-08f18000 rw-p 00000000 00:00 0          [heap]
666d4000-668b9000 rw-p 00000000 00:00 0 
668b9000-668bc000 ---p 00000000 00:00 0 
668bc000-6690a000 rw-p 00000000 00:00 0          [stack:20351]
6690a000-66949000 r-xp 00000000 08:05 787513     /lib/i386-linux-gnu/libpcre.so.3.13.1
66949000-6694a000 r--p 0003f000 08:05 787513     /lib/i386-linux-gnu/libpcre.so.3.13.1
6694a000-6694b000 rw-p 00040000 08:05 787513     /lib/i386-linux-gnu/libpcre.so.3.13.1
6694b000-66a4a000 r-xp 00000000 08:05 795214     /lib/i386-linux-gnu/libglib-2.0.so.0.3600.0
66a4a000-66a4b000 r--p 000fe000 08:05 795214     /lib/i386-linux-gnu/libglib-2.0.so.0.3600.0
66a4b000-66a4c000 rw-p 000ff000 08:05 795214     /lib/i386-linux-gnu/libglib-2.0.so.0.3600.0
66a4c000-66a9a000 r-xp 00000000 08:05 2496145    /usr/lib/i386-linux-gnu/libgobject-2.0.so.0.3600.0
66a9a000-66a9b000 r--p 0004d000 08:05 2496145    /usr/lib/i386-linux-gnu/libgobject-2.0.so.0.3600.0
66a9b000-66a9c000 rw-p 0004e000 08:05 2496145    /usr/lib/i386-linux-gnu/libgobject-2.0.so.0.3600.0
66a9c000-66bfc000 r-xp 00000000 08:05 2491463    /usr/lib/i386-linux-gnu/libgio-2.0.so.0.3600.0
66bfc000-66bfe000 r--p 00160000 08:05 2491463    /usr/lib/i386-linux-gnu/libgio-2.0.so.0.3600.0
66bfe000-66bff000 rw-p 00162000 08:05 2491463    /usr/lib/i386-linux-gnu/libgio-2.0.so.0.3600.0
66bff000-66c00000 rw-p 00000000 00:00 0 
66c00000-66cc7000 rw-p 00000000 00:00 0 
66cc7000-66d00000 ---p 00000000 00:00 0 
66d39000-66d3a000 ---p 00000000 00:00 0 
66d3a000-66dba000 rw-p 00000000 00:00 0          [stack:20350]
66dba000-66dbd000 ---p 00000000 00:00 0 
66dbd000-66e0b000 rw-p 00000000 00:00 0          [stack:20349]
66e0b000-66e0e000 ---p 00000000 00:00 0 
66e0e000-66e8c000 rw-p 00000000 00:00 0          [stack:20348]
66e8c000-66e8f000 ---p 00000000 00:00 0 
66e8f000-66f0d000 rw-p 00000000 00:00 0          [stack:20347]
66f0d000-66f10000 ---p 00000000 00:00 0 
66f10000-66f5e000 rw-p 00000000 00:00 0          [stack:20344]
66f5e000-66f61000 ---p 00000000 00:00 0 
66f61000-66faf000 rw-p 00000000 00:00 0          [stack:20343]
66faf000-66fb2000 ---p 00000000 00:00 0 
66fb2000-67000000 rw-p 00000000 00:00 0          [stack:20340]
67000000-67021000 rw-p 00000000 00:00 0 
67021000-67100000 ---p 00000000 00:00 0 
67100000-671fd000 rw-p 00000000 00:00 0 
671fd000-67200000 ---p 00000000 00:00 0 
67200000-67221000 rw-p 00000000 00:00 0 
67221000-67300000 ---p 00000000 00:00 0 
67317000-6732a000 r-xp 00000000 08:05 787689     /lib/i386-linux-gnu/libresolv-2.17.so
6732a000-6732b000 r--p 00013000 08:05 787689     /lib/i386-linux-gnu/libresolv-2.17.so
6732b000-6732c000 rw-p 00014000 08:05 787689     /lib/i386-linux-gnu/libresolv-2.17.so
6732c000-6732e000 rw-p 00000000 00:00 0 
6732e000-67331000 ---p 00000000 00:00 0 
67331000-6737f000 rw-p 00000000 00:00 0          [stack:20338]
6737f000-67380000 ---p 00000000 00:00 0 
67380000-67400000 rw-p 00000000 00:00 0          [stack:20334]
67400000-674ff000 rw-p 00000000 00:00 0 
674ff000-67500000 ---p 00000000 00:00 0 
67513000-676c0000 r--s 01cec000 08:05 546120     /usr/lib/jvm/java-7-openjdk-i386/jre/lib/rt.jar
676c0000-6a600000 rw-p 00000000 00:00 0 
6a600000-6a621000 rw-p 00000000 00:00 0 
6a621000-6a700000 ---p 00000000 00:00 0 
6a70f000-6a72c000 r-xp 00000000 08:05 787420     /lib/i386-linux-gnu/libselinux.so.1
6a72c000-6a72d000 r--p 0001c000 08:05 787420     /lib/i386-linux-gnu/libselinux.so.1
6a72d000-6a72e000 rw-p 0001d000 08:05 787420     /lib/i386-linux-gnu/libselinux.so.1
6a72e000-6a731000 ---p 00000000 00:00 0 
6a731000-6a77f000 rw-p 00000000 00:00 0          [stack:20336]
6a77f000-6a780000 ---p 00000000 00:00 0 
6a780000-6a800000 rw-p 00000000 00:00 0          [stack:20332]
6a800000-6a821000 rw-p 00000000 00:00 0 
6a821000-6a900000 ---p 00000000 00:00 0 
6a900000-6a9fc000 rw-p 00000000 00:00 0 
6a9fc000-6aa00000 ---p 00000000 00:00 0 
6aa29000-6aa2e000 r--s 0004c000 08:05 2626332    /usr/lib/jvm/java-7-openjdk-common/jre/lib/jsse.jar
6aa2e000-6aa31000 ---p 00000000 00:00 0 
6aa31000-6aa7f000 rw-p 00000000 00:00 0          [stack:20335]
6aa7f000-6aa80000 ---p 00000000 00:00 0 
6aa80000-6ab00000 rw-p 00000000 00:00 0          [stack:20331]
6ab00000-6abfb000 rw-p 00000000 00:00 0 
6abfb000-6ac00000 ---p 00000000 00:00 0 
6ac00000-6ac05000 r-xp 00000000 08:05 2496522    /usr/lib/i386-linux-gnu/libffi.so.6.0.1
6ac05000-6ac06000 r--p 00005000 08:05 2496522    /usr/lib/i386-linux-gnu/libffi.so.6.0.1
6ac06000-6ac07000 rw-p 00006000 08:05 2496522    /usr/lib/i386-linux-gnu/libffi.so.6.0.1
6ac07000-6ac1d000 r-xp 00000000 08:05 546192     /usr/lib/jvm/java-7-openjdk-i386/jre/lib/i386/libnet.so
6ac1d000-6ac1e000 r--p 00015000 08:05 546192     /usr/lib/jvm/java-7-openjdk-i386/jre/lib/i386/libnet.so
6ac1e000-6ac1f000 rw-p 00016000 08:05 546192     /usr/lib/jvm/java-7-openjdk-i386/jre/lib/i386/libnet.so
6ac1f000-6ac67000 rw-p 00000000 00:00 0 
6ac67000-6ac68000 ---p 00000000 00:00 0 
6ac68000-6ace8000 rw-p 00000000 00:00 0          [stack:20330]
6ace8000-6ace9000 ---p 00000000 00:00 0 
6ace9000-6ad71000 rw-p 00000000 00:00 0          [stack:20329]
6ad71000-6ada9000 rw-p 00000000 00:00 0 
6ada9000-6adbf000 rw-p 00000000 00:00 0 
6adbf000-6aeff000 rw-p 00000000 00:00 0 
6aeff000-6af07000 rw-p 00000000 00:00 0 
6af07000-6af3f000 rw-p 00000000 00:00 0 
6af3f000-6af55000 rw-p 00000000 00:00 0 
6af55000-6b094000 rw-p 00000000 00:00 0 
6b094000-6b09f000 rw-p 00000000 00:00 0 
6b09f000-6b13f000 rw-p 00000000 00:00 0 
6b13f000-6c140000 rw-p 00000000 00:00 0 
6c140000-73140000 rw-p 00000000 00:00 0 
73140000-75bf0000 rw-p 00000000 00:00 0 
75bf0000-9dbf0000 rw-p 00000000 00:00 0 
9dbf0000-9f140000 rw-p 00000000 00:00 0 
9f140000-b3140000 rw-p 00000000 00:00 0 
b3140000-b3149000 rw-p 00000000 00:00 0 
b3149000-b3200000 rw-p 00000000 00:00 0 
b3200000-b3440000 rwxp 00000000 00:00 0 
b3440000-b6200000 rw-p 00000000 00:00 0 
b6200000-b6400000 r--p 00000000 08:05 2490591    /usr/lib/locale/locale-archive
b6400000-b64fe000 rw-p 00000000 00:00 0 
b64fe000-b6500000 ---p 00000000 00:00 0 
b6500000-b6502000 rw-p 00000000 00:00 0 
b6502000-b6505000 r-xp 00000000 08:05 2491404    /usr/lib/i386-linux-gnu/libgmodule-2.0.so.0.3600.0
b6505000-b6506000 r--p 00002000 08:05 2491404    /usr/lib/i386-linux-gnu/libgmodule-2.0.so.0.3600.0
b6506000-b6507000 rw-p 00003000 08:05 2491404    /usr/lib/i386-linux-gnu/libgmodule-2.0.so.0.3600.0
b6507000-b6508000 r--s 00006000 08:05 1844931    /opt/eclipse/plugins/org.hamcrest.core_1.1.0.v20090501071000.jar
b6508000-b650e000 r--s 00034000 08:05 1837837    /opt/eclipse/plugins/org.junit_4.10.0.v4_10_0_v20120426-0900/junit.jar
b650e000-b650f000 r--s 00009000 08:07 52423      /media/storage/git/ch.bfh.bti7301.pinball/P1_Pinball/libs/org.json-20120521.jar
b650f000-b6510000 r--s 00001000 08:07 51555      /media/storage/git/ch.bfh.bti7301.pinball/P1_Pinball/libs/bodyeditor-loader.jar
b6510000-b6522000 r--s 0010a000 08:07 51557      /media/storage/git/ch.bfh.bti7301.pinball/P1_Pinball/libs/gdx.jar
b6522000-b6525000 r--s 00032000 08:05 2623847    /usr/lib/jvm/java-7-openjdk-common/jre/lib/ext/sunjce_provider.jar
b6525000-b6528000 r--s 0000f000 08:05 2624444    /usr/lib/jvm/java-7-openjdk-common/jre/lib/ext/pulse-java.jar
b6528000-b6529000 r--s 00002000 08:05 2624445    /usr/lib/jvm/java-7-openjdk-common/jre/lib/ext/dnsns.jar
b6529000-b652b000 r--s 00012000 08:05 2624523    /usr/lib/jvm/java-7-openjdk-common/jre/lib/ext/zipfs.jar
b652b000-b6536000 r-xp 00000000 08:05 787698     /lib/i386-linux-gnu/libnss_files-2.17.so
b6536000-b6537000 r--p 0000a000 08:05 787698     /lib/i386-linux-gnu/libnss_files-2.17.so
b6537000-b6538000 rw-p 0000b000 08:05 787698     /lib/i386-linux-gnu/libnss_files-2.17.so
b6538000-b6542000 r-xp 00000000 08:05 787746     /lib/i386-linux-gnu/libnss_nis-2.17.so
b6542000-b6543000 r--p 00009000 08:05 787746     /lib/i386-linux-gnu/libnss_nis-2.17.so
b6543000-b6544000 rw-p 0000a000 08:05 787746     /lib/i386-linux-gnu/libnss_nis-2.17.so
b6544000-b6559000 r-xp 00000000 08:05 787677     /lib/i386-linux-gnu/libnsl-2.17.so
b6559000-b655a000 r--p 00014000 08:05 787677     /lib/i386-linux-gnu/libnsl-2.17.so
b655a000-b655b000 rw-p 00015000 08:05 787677     /lib/i386-linux-gnu/libnsl-2.17.so
b655b000-b655d000 rw-p 00000000 00:00 0 
b655d000-b6564000 r-xp 00000000 08:05 787705     /lib/i386-linux-gnu/libnss_compat-2.17.so
b6564000-b6565000 r--p 00006000 08:05 787705     /lib/i386-linux-gnu/libnss_compat-2.17.so
b6565000-b6566000 rw-p 00007000 08:05 787705     /lib/i386-linux-gnu/libnss_compat-2.17.so
b6566000-b656a000 r--s 00085000 08:05 2623730    /usr/lib/jvm/java-7-openjdk-common/jre/lib/ext/localedata.jar
b656a000-b656e000 r-xp 00000000 08:05 546202     /usr/lib/jvm/java-7-openjdk-i386/jre/lib/i386/libdt_socket.so
b656e000-b656f000 r--p 00003000 08:05 546202     /usr/lib/jvm/java-7-openjdk-i386/jre/lib/i386/libdt_socket.so
b656f000-b6570000 rw-p 00004000 08:05 546202     /usr/lib/jvm/java-7-openjdk-i386/jre/lib/i386/libdt_socket.so
b6570000-b6578000 r-xp 00000000 08:05 546177     /usr/lib/jvm/java-7-openjdk-i386/jre/lib/i386/libzip.so
b6578000-b6579000 r--p 00007000 08:05 546177     /usr/lib/jvm/java-7-openjdk-i386/jre/lib/i386/libzip.so
b6579000-b657a000 rw-p 00008000 08:05 546177     /usr/lib/jvm/java-7-openjdk-i386/jre/lib/i386/libzip.so
b657a000-b6582000 rw-s 00000000 08:05 1442590    /tmp/hsperfdata_reubd1/20320
b6582000-b65c0000 r-xp 00000000 08:05 546204     /usr/lib/jvm/java-7-openjdk-i386/jre/lib/i386/libjdwp.so
b65c0000-b65c1000 r--p 0003d000 08:05 546204     /usr/lib/jvm/java-7-openjdk-i386/jre/lib/i386/libjdwp.so
b65c1000-b65c2000 rw-p 0003e000 08:05 546204     /usr/lib/jvm/java-7-openjdk-i386/jre/lib/i386/libjdwp.so
b65c2000-b65e9000 r-xp 00000000 08:05 546200     /usr/lib/jvm/java-7-openjdk-i386/jre/lib/i386/libjava.so
b65e9000-b65ea000 r--p 00026000 08:05 546200     /usr/lib/jvm/java-7-openjdk-i386/jre/lib/i386/libjava.so
b65ea000-b65eb000 rw-p 00027000 08:05 546200     /usr/lib/jvm/java-7-openjdk-i386/jre/lib/i386/libjava.so
b65eb000-b65f2000 r-xp 00000000 08:05 787743     /lib/i386-linux-gnu/librt-2.17.so
b65f2000-b65f3000 r--p 00006000 08:05 787743     /lib/i386-linux-gnu/librt-2.17.so
b65f3000-b65f4000 rw-p 00007000 08:05 787743     /lib/i386-linux-gnu/librt-2.17.so
b65f4000-b65f7000 ---p 00000000 00:00 0 
b65f7000-b6645000 rw-p 00000000 00:00 0          [stack:20328]
b6645000-b6660000 r-xp 00000000 08:05 786509     /lib/i386-linux-gnu/libgcc_s.so.1
b6660000-b6661000 r--p 0001a000 08:05 786509     /lib/i386-linux-gnu/libgcc_s.so.1
b6661000-b6662000 rw-p 0001b000 08:05 786509     /lib/i386-linux-gnu/libgcc_s.so.1
b6662000-b66a3000 r-xp 00000000 08:05 787731     /lib/i386-linux-gnu/libm-2.17.so
b66a3000-b66a4000 r--p 00040000 08:05 787731     /lib/i386-linux-gnu/libm-2.17.so
b66a4000-b66a5000 rw-p 00041000 08:05 787731     /lib/i386-linux-gnu/libm-2.17.so
b66a5000-b6781000 r-xp 00000000 08:05 2490390    /usr/lib/i386-linux-gnu/libstdc++.so.6.0.17
b6781000-b6782000 ---p 000dc000 08:05 2490390    /usr/lib/i386-linux-gnu/libstdc++.so.6.0.17
b6782000-b6786000 r--p 000dc000 08:05 2490390    /usr/lib/i386-linux-gnu/libstdc++.so.6.0.17
b6786000-b6787000 rw-p 000e0000 08:05 2490390    /usr/lib/i386-linux-gnu/libstdc++.so.6.0.17
b6787000-b678e000 rw-p 00000000 00:00 0 
b678e000-b707f000 r-xp 00000000 08:05 546179     /usr/lib/jvm/java-7-openjdk-i386/jre/lib/i386/server/libjvm.so
b707f000-b70c6000 r--p 008f1000 08:05 546179     /usr/lib/jvm/java-7-openjdk-i386/jre/lib/i386/server/libjvm.so
b70c6000-b70da000 rw-p 00938000 08:05 546179     /usr/lib/jvm/java-7-openjdk-i386/jre/lib/i386/server/libjvm.so
b70da000-b74f8000 rw-p 00000000 00:00 0 
b74f8000-b750f000 r-xp 00000000 08:05 788322     /lib/i386-linux-gnu/libz.so.1.2.7
b750f000-b7510000 r--p 00016000 08:05 788322     /lib/i386-linux-gnu/libz.so.1.2.7
b7510000-b7511000 rw-p 00017000 08:05 788322     /lib/i386-linux-gnu/libz.so.1.2.7
b7511000-b7528000 r-xp 00000000 08:05 787725     /lib/i386-linux-gnu/libpthread-2.17.so
b7528000-b7529000 r--p 00016000 08:05 787725     /lib/i386-linux-gnu/libpthread-2.17.so
b7529000-b752a000 rw-p 00017000 08:05 787725     /lib/i386-linux-gnu/libpthread-2.17.so
b752a000-b752c000 rw-p 00000000 00:00 0 
b752c000-b752f000 r-xp 00000000 08:05 787751     /lib/i386-linux-gnu/libdl-2.17.so
b752f000-b7530000 r--p 00002000 08:05 787751     /lib/i386-linux-gnu/libdl-2.17.so
b7530000-b7531000 rw-p 00003000 08:05 787751     /lib/i386-linux-gnu/libdl-2.17.so
b7531000-b76df000 r-xp 00000000 08:05 787738     /lib/i386-linux-gnu/libc-2.17.so
b76df000-b76e1000 r--p 001ae000 08:05 787738     /lib/i386-linux-gnu/libc-2.17.so
b76e1000-b76e2000 rw-p 001b0000 08:05 787738     /lib/i386-linux-gnu/libc-2.17.so
b76e2000-b76e5000 rw-p 00000000 00:00 0 
b76e5000-b76e8000 r--s 0003c000 08:05 2623473    /usr/lib/jvm/java-7-openjdk-common/jre/lib/ext/sunpkcs11.jar
b76e8000-b76ea000 r--s 00006000 08:05 2752754    /usr/share/java/java-atk-wrapper.jar
b76ea000-b76eb000 r--p 002c5000 08:05 2490591    /usr/lib/locale/locale-archive
b76eb000-b76ee000 r-xp 00000000 08:05 546187     /usr/lib/jvm/java-7-openjdk-i386/jre/lib/i386/libnpt.so
b76ee000-b76ef000 r--p 00002000 08:05 546187     /usr/lib/jvm/java-7-openjdk-i386/jre/lib/i386/libnpt.so
b76ef000-b76f0000 rw-p 00003000 08:05 546187     /usr/lib/jvm/java-7-openjdk-i386/jre/lib/i386/libnpt.so
b76f0000-b76f1000 rw-p 00000000 00:00 0 
b76f1000-b76f2000 r--p 00000000 00:00 0 
b76f2000-b76ff000 r-xp 00000000 08:05 546186     /usr/lib/jvm/java-7-openjdk-i386/jre/lib/i386/libverify.so
b76ff000-b7700000 r--p 0000d000 08:05 546186     /usr/lib/jvm/java-7-openjdk-i386/jre/lib/i386/libverify.so
b7700000-b7701000 rw-p 0000e000 08:05 546186     /usr/lib/jvm/java-7-openjdk-i386/jre/lib/i386/libverify.so
b7701000-b770e000 r-xp 00000000 08:05 546194     /usr/lib/jvm/java-7-openjdk-i386/jre/lib/i386/jli/libjli.so
b770e000-b770f000 r--p 0000c000 08:05 546194     /usr/lib/jvm/java-7-openjdk-i386/jre/lib/i386/jli/libjli.so
b770f000-b7710000 rw-p 0000d000 08:05 546194     /usr/lib/jvm/java-7-openjdk-i386/jre/lib/i386/jli/libjli.so
b7710000-b7713000 rw-p 00000000 00:00 0 
b7713000-b7714000 r-xp 00000000 00:00 0          [vdso]
b7714000-b7734000 r-xp 00000000 08:05 787740     /lib/i386-linux-gnu/ld-2.17.so
b7734000-b7735000 r--p 0001f000 08:05 787740     /lib/i386-linux-gnu/ld-2.17.so
b7735000-b7736000 rw-p 00020000 08:05 787740     /lib/i386-linux-gnu/ld-2.17.so
bfb55000-bfb76000 rw-p 00000000 00:00 0          [stack]

VM Arguments:
jvm_args: -agentlib:jdwp=transport=dt_socket,suspend=y,address=localhost:57225 -Dfile.encoding=UTF-8 
java_command: org.eclipse.jdt.internal.junit.runner.RemoteTestRunner -version 3 -port 58331 -testLoaderClass org.eclipse.jdt.internal.junit4.runner.JUnit4TestLoader -loaderpluginname org.eclipse.jdt.junit4.runtime -classNames tests.FieldElementTest
Launcher Type: SUN_STANDARD

Environment Variables:
JAVA_HOME=/usr/lib/jvm/java-7-openjdk-i386
JRE_HOME=/usr/lib/jvm/java-7-openjdk-i386/jre
PATH=/usr/lib/lightdm/lightdm:/usr/local/sbin:/usr/local/bin:/usr/sbin:/usr/bin:/sbin:/bin:/usr/games:/usr/local/games:$JAVA_HOME:$JRE_HOME:$CATALINA_HOME
LD_LIBRARY_PATH=/usr/lib/jvm/java-7-openjdk-i386/jre/lib/i386/server:/usr/lib/jvm/java-7-openjdk-i386/jre/lib/i386:/usr/lib/jvm/java-7-openjdk-i386/jre/../lib/i386:/usr/lib/jvm/java-7-openjdk-i386/jre/lib/i386/client:/usr/lib/jvm/java-7-openjdk-i386/jre/lib/i386:
SHELL=/bin/bash
DISPLAY=:0

Signal Handlers:
SIGSEGV: [libjvm.so+0x758d30], sa_mask[0]=0x7ffbfeff, sa_flags=0x10000004
SIGBUS: [libjvm.so+0x758d30], sa_mask[0]=0x7ffbfeff, sa_flags=0x10000004
SIGFPE: [libjvm.so+0x5f4230], sa_mask[0]=0x7ffbfeff, sa_flags=0x10000004
SIGPIPE: [libjvm.so+0x5f4230], sa_mask[0]=0x7ffbfeff, sa_flags=0x10000004
SIGXFSZ: [libjvm.so+0x5f4230], sa_mask[0]=0x7ffbfeff, sa_flags=0x10000004
SIGILL: [libjvm.so+0x5f4230], sa_mask[0]=0x7ffbfeff, sa_flags=0x10000004
SIGUSR1: SIG_DFL, sa_mask[0]=0x00000000, sa_flags=0x00000000
SIGUSR2: [libjvm.so+0x5f40e0], sa_mask[0]=0x00000004, sa_flags=0x10000004
SIGHUP: [libjvm.so+0x5f4670], sa_mask[0]=0x7ffbfeff, sa_flags=0x10000004
SIGINT: [libjvm.so+0x5f4670], sa_mask[0]=0x7ffbfeff, sa_flags=0x10000004
SIGTERM: [libjvm.so+0x5f4670], sa_mask[0]=0x7ffbfeff, sa_flags=0x10000004
SIGQUIT: [libjvm.so+0x5f4670], sa_mask[0]=0x7ffbfeff, sa_flags=0x10000004


---------------  S Y S T E M  ---------------

OS:Ubuntu 13.04 (raring)
uname:Linux 3.8.0-33-generic #48-Ubuntu SMP Wed Oct 23 17:26:34 UTC 2013 i686
libc:glibc 2.17 NPTL 2.17 
rlimit: STACK 8192k, CORE 0k, NPROC 63747, NOFILE 4096, AS infinity
load average:0.06 0.21 0.33

/proc/meminfo:
MemTotal:        8176132 kB
MemFree:         3572940 kB
Buffers:          635276 kB
Cached:          2931656 kB
SwapCached:            0 kB
Active:          1717692 kB
Inactive:        2771664 kB
Active(anon):     931892 kB
Inactive(anon):   584772 kB
Active(file):     785800 kB
Inactive(file):  2186892 kB
Unevictable:          32 kB
Mlocked:              32 kB
HighTotal:       7367232 kB
HighFree:        3493348 kB
LowTotal:         808900 kB
LowFree:           79592 kB
SwapTotal:             0 kB
SwapFree:              0 kB
Dirty:                48 kB
Writeback:             0 kB
AnonPages:        922436 kB
Mapped:           212312 kB
Shmem:            594172 kB
Slab:              72112 kB
SReclaimable:      48832 kB
SUnreclaim:        23280 kB
KernelStack:        4608 kB
PageTables:        12656 kB
NFS_Unstable:          0 kB
Bounce:                0 kB
WritebackTmp:          0 kB
CommitLimit:     4088064 kB
Committed_AS:    4367476 kB
VmallocTotal:     122880 kB
VmallocUsed:       19444 kB
VmallocChunk:      99408 kB
HardwareCorrupted:     0 kB
AnonHugePages:         0 kB
HugePages_Total:       0
HugePages_Free:        0
HugePages_Rsvd:        0
HugePages_Surp:        0
Hugepagesize:       2048 kB
DirectMap4k:       10232 kB
DirectMap2M:      903168 kB


CPU:total 4 (2 cores per cpu, 2 threads per core) family 6 model 42 stepping 7, cmov, cx8, fxsr, mmx, sse, sse2, sse3, ssse3, sse4.1, sse4.2, popcnt, avx, ht, tsc, tscinvbit

/proc/cpuinfo:
processor	: 0
vendor_id	: GenuineIntel
cpu family	: 6
model		: 42
model name	: Intel(R) Core(TM) i7-2640M CPU @ 2.80GHz
stepping	: 7
microcode	: 0x1a
cpu MHz		: 800.000
cache size	: 4096 KB
physical id	: 0
siblings	: 4
core id		: 0
cpu cores	: 2
apicid		: 0
initial apicid	: 0
fdiv_bug	: no
hlt_bug		: no
f00f_bug	: no
coma_bug	: no
fpu		: yes
fpu_exception	: yes
cpuid level	: 13
wp		: yes
flags		: fpu vme de pse tsc msr pae mce cx8 apic sep mtrr pge mca cmov pat pse36 clflush dts acpi mmx fxsr sse sse2 ss ht tm pbe nx rdtscp lm constant_tsc arch_perfmon pebs bts xtopology nonstop_tsc aperfmperf eagerfpu pni pclmulqdq dtes64 monitor ds_cpl vmx smx est tm2 ssse3 cx16 xtpr pdcm pcid sse4_1 sse4_2 x2apic popcnt tsc_deadline_timer aes xsave avx lahf_lm ida arat epb xsaveopt pln pts dtherm tpr_shadow vnmi flexpriority ept vpid
bogomips	: 5587.10
clflush size	: 64
cache_alignment	: 64
address sizes	: 36 bits physical, 48 bits virtual
power management:

processor	: 1
vendor_id	: GenuineIntel
cpu family	: 6
model		: 42
model name	: Intel(R) Core(TM) i7-2640M CPU @ 2.80GHz
stepping	: 7
microcode	: 0x1a
cpu MHz		: 800.000
cache size	: 4096 KB
physical id	: 0
siblings	: 4
core id		: 0
cpu cores	: 2
apicid		: 1
initial apicid	: 1
fdiv_bug	: no
hlt_bug		: no
f00f_bug	: no
coma_bug	: no
fpu		: yes
fpu_exception	: yes
cpuid level	: 13
wp		: yes
flags		: fpu vme de pse tsc msr pae mce cx8 apic sep mtrr pge mca cmov pat pse36 clflush dts acpi mmx fxsr sse sse2 ss ht tm pbe nx rdtscp lm constant_tsc arch_perfmon pebs bts xtopology nonstop_tsc aperfmperf eagerfpu pni pclmulqdq dtes64 monitor ds_cpl vmx smx est tm2 ssse3 cx16 xtpr pdcm pcid sse4_1 sse4_2 x2apic popcnt tsc_deadline_timer aes xsave avx lahf_lm ida arat epb xsaveopt pln pts dtherm tpr_shadow vnmi flexpriority ept vpid
bogomips	: 5587.10
clflush size	: 64
cache_alignment	: 64
address sizes	: 36 bits physical, 48 bits virtual
power management:

processor	: 2
vendor_id	: GenuineIntel
cpu family	: 6
model		: 42
model name	: Intel(R) Core(TM) i7-2640M CPU @ 2.80GHz
stepping	: 7
microcode	: 0x1a
cpu MHz		: 2801.000
cache size	: 4096 KB
physical id	: 0
siblings	: 4
core id		: 1
cpu cores	: 2
apicid		: 2
initial apicid	: 2
fdiv_bug	: no
hlt_bug		: no
f00f_bug	: no
coma_bug	: no
fpu		: yes
fpu_exception	: yes
cpuid level	: 13
wp		: yes
flags		: fpu vme de pse tsc msr pae mce cx8 apic sep mtrr pge mca cmov pat pse36 clflush dts acpi mmx fxsr sse sse2 ss ht tm pbe nx rdtscp lm constant_tsc arch_perfmon pebs bts xtopology nonstop_tsc aperfmperf eagerfpu pni pclmulqdq dtes64 monitor ds_cpl vmx smx est tm2 ssse3 cx16 xtpr pdcm pcid sse4_1 sse4_2 x2apic popcnt tsc_deadline_timer aes xsave avx lahf_lm ida arat epb xsaveopt pln pts dtherm tpr_shadow vnmi flexpriority ept vpid
bogomips	: 5587.10
clflush size	: 64
cache_alignment	: 64
address sizes	: 36 bits physical, 48 bits virtual
power management:

processor	: 3
vendor_id	: GenuineIntel
cpu family	: 6
model		: 42
model name	: Intel(R) Core(TM) i7-2640M CPU @ 2.80GHz
stepping	: 7
microcode	: 0x1a
cpu MHz		: 2801.000
cache size	: 4096 KB
physical id	: 0
siblings	: 4
core id		: 1
cpu cores	: 2
apicid		: 3
initial apicid	: 3
fdiv_bug	: no
hlt_bug		: no
f00f_bug	: no
coma_bug	: no
fpu		: yes
fpu_exception	: yes
cpuid level	: 13
wp		: yes
flags		: fpu vme de pse tsc msr pae mce cx8 apic sep mtrr pge mca cmov pat pse36 clflush dts acpi mmx fxsr sse sse2 ss ht tm pbe nx rdtscp lm constant_tsc arch_perfmon pebs bts xtopology nonstop_tsc aperfmperf eagerfpu pni pclmulqdq dtes64 monitor ds_cpl vmx smx est tm2 ssse3 cx16 xtpr pdcm pcid sse4_1 sse4_2 x2apic popcnt tsc_deadline_timer aes xsave avx lahf_lm ida arat epb xsaveopt pln pts dtherm tpr_shadow vnmi flexpriority ept vpid
bogomips	: 5587.10
clflush size	: 64
cache_alignment	: 64
address sizes	: 36 bits physical, 48 bits virtual
power management:



Memory: 4k page, physical 8176132k(3572940k free), swap 0k(0k free)

vm_info: OpenJDK Server VM (23.7-b01) for linux-x86 JRE (1.7.0_25-b30), built on Jul  3 2013 13:58:32 by "buildd" with gcc 4.7.3

time: Wed Dec 11 18:02:27 2013
elapsed time: 58 seconds

